[INFO  - 2014-09-21T20:17:15.476Z] GhostDriver - Main - running on port 9343
[INFO  - 2014-09-21T20:17:15.928Z] Session [47a75540-41cc-11e4-9e2b-c19ec2aa3d13] - page.settings - {"XSSAuditingEnabled":false,"javascriptCanCloseWindows":true,"javascriptCanOpenWindows":true,"javascriptEnabled":true,"loadImages":true,"localToRemoteUrlAccessEnabled":false,"userAgent":"Mozilla/5.0 (Unknown; Linux x86_64) AppleWebKit/534.34 (KHTML, like Gecko) PhantomJS/1.9.7 Safari/534.34","webSecurityEnabled":true}
[INFO  - 2014-09-21T20:17:15.928Z] Session [47a75540-41cc-11e4-9e2b-c19ec2aa3d13] - page.customHeaders:  - {}
[INFO  - 2014-09-21T20:17:15.928Z] Session [47a75540-41cc-11e4-9e2b-c19ec2aa3d13] - Session.negotiatedCapabilities - {"browserName":"phantomjs","version":"1.9.7","driverName":"ghostdriver","driverVersion":"1.1.0","platform":"linux-unknown-64bit","javascriptEnabled":true,"takesScreenshot":true,"handlesAlerts":false,"databaseEnabled":false,"locationContextEnabled":false,"applicationCacheEnabled":false,"browserConnectionEnabled":false,"cssSelectorsEnabled":true,"webStorageEnabled":false,"rotatable":false,"acceptSslCerts":false,"nativeEvents":true,"proxy":{"proxyType":"direct"}}
[INFO  - 2014-09-21T20:17:15.929Z] SessionManagerReqHand - _postNewSessionCommand - New Session Created: 47a75540-41cc-11e4-9e2b-c19ec2aa3d13
[ERROR - 2014-09-21T20:17:21.266Z] WebElementLocator - _handleLocateCommand - Element(s) NOT Found: GAVE UP. Search Stop Time: 1411330641234
[ERROR - 2014-09-21T20:17:34.216Z] WebElementLocator - _handleLocateCommand - Element(s) NOT Found: GAVE UP. Search Stop Time: 1411330654214
[ERROR - 2014-09-21T20:17:42.882Z] WebElementLocator - _handleLocateCommand - Element(s) NOT Found: GAVE UP. Search Stop Time: 1411330662871
[ERROR - 2014-09-21T20:17:49.145Z] WebElementLocator - _handleLocateCommand - Element(s) NOT Found: GAVE UP. Search Stop Time: 1411330669142
[ERROR - 2014-09-21T20:17:57.558Z] WebElementLocator - _handleLocateCommand - Element(s) NOT Found: GAVE UP. Search Stop Time: 1411330677543
[ERROR - 2014-09-21T20:18:05.154Z] WebElementLocator - _handleLocateCommand - Element(s) NOT Found: GAVE UP. Search Stop Time: 1411330685123
[ERROR - 2014-09-21T20:18:13.927Z] WebElementLocator - _handleLocateCommand - Element(s) NOT Found: GAVE UP. Search Stop Time: 1411330693899
[ERROR - 2014-09-21T20:18:21.774Z] WebElementLocator - _handleLocateCommand - Element(s) NOT Found: GAVE UP. Search Stop Time: 1411330701766
[ERROR - 2014-09-21T20:18:28.686Z] WebElementLocator - _handleLocateCommand - Element(s) NOT Found: GAVE UP. Search Stop Time: 1411330708630
[ERROR - 2014-09-21T20:18:34.695Z] WebElementLocator - _handleLocateCommand - Element(s) NOT Found: GAVE UP. Search Stop Time: 1411330714640
[ERROR - 2014-09-21T20:18:41.614Z] WebElementLocator - _handleLocateCommand - Element(s) NOT Found: GAVE UP. Search Stop Time: 1411330721602
[ERROR - 2014-09-21T20:18:49.839Z] WebElementLocator - _handleLocateCommand - Element(s) NOT Found: GAVE UP. Search Stop Time: 1411330729805
[ERROR - 2014-09-21T20:19:00.786Z] WebElementLocator - _handleLocateCommand - Element(s) NOT Found: GAVE UP. Search Stop Time: 1411330740779
[INFO  - 2014-09-21T20:19:03.092Z] ShutdownReqHand - _handle - About to shutdown
[INFO  - 2014-09-21T20:19:04.206Z] GhostDriver - Main - running on port 3770
[INFO  - 2014-09-21T20:19:04.721Z] Session [887fd3d0-41cc-11e4-9354-6d691922f611] - page.settings - {"XSSAuditingEnabled":false,"javascriptCanCloseWindows":true,"javascriptCanOpenWindows":true,"javascriptEnabled":true,"loadImages":true,"localToRemoteUrlAccessEnabled":false,"userAgent":"Mozilla/5.0 (Unknown; Linux x86_64) AppleWebKit/534.34 (KHTML, like Gecko) PhantomJS/1.9.7 Safari/534.34","webSecurityEnabled":true}
[INFO  - 2014-09-21T20:19:04.721Z] Session [887fd3d0-41cc-11e4-9354-6d691922f611] - page.customHeaders:  - {}
[INFO  - 2014-09-21T20:19:04.721Z] Session [887fd3d0-41cc-11e4-9354-6d691922f611] - Session.negotiatedCapabilities - {"browserName":"phantomjs","version":"1.9.7","driverName":"ghostdriver","driverVersion":"1.1.0","platform":"linux-unknown-64bit","javascriptEnabled":true,"takesScreenshot":true,"handlesAlerts":false,"databaseEnabled":false,"locationContextEnabled":false,"applicationCacheEnabled":false,"browserConnectionEnabled":false,"cssSelectorsEnabled":true,"webStorageEnabled":false,"rotatable":false,"acceptSslCerts":false,"nativeEvents":true,"proxy":{"proxyType":"direct"}}
[INFO  - 2014-09-21T20:19:04.721Z] SessionManagerReqHand - _postNewSessionCommand - New Session Created: 887fd3d0-41cc-11e4-9354-6d691922f611
[INFO  - 2014-09-21T20:19:10.340Z] ShutdownReqHand - _handle - About to shutdown
[INFO  - 2014-09-21T20:19:11.126Z] GhostDriver - Main - running on port 32364
[INFO  - 2014-09-21T20:19:11.460Z] Session [8c83cfe0-41cc-11e4-8cac-ab18302cd998] - page.settings - {"XSSAuditingEnabled":false,"javascriptCanCloseWindows":true,"javascriptCanOpenWindows":true,"javascriptEnabled":true,"loadImages":true,"localToRemoteUrlAccessEnabled":false,"userAgent":"Mozilla/5.0 (Unknown; Linux x86_64) AppleWebKit/534.34 (KHTML, like Gecko) PhantomJS/1.9.7 Safari/534.34","webSecurityEnabled":true}
[INFO  - 2014-09-21T20:19:11.460Z] Session [8c83cfe0-41cc-11e4-8cac-ab18302cd998] - page.customHeaders:  - {}
[INFO  - 2014-09-21T20:19:11.460Z] Session [8c83cfe0-41cc-11e4-8cac-ab18302cd998] - Session.negotiatedCapabilities - {"browserName":"phantomjs","version":"1.9.7","driverName":"ghostdriver","driverVersion":"1.1.0","platform":"linux-unknown-64bit","javascriptEnabled":true,"takesScreenshot":true,"handlesAlerts":false,"databaseEnabled":false,"locationContextEnabled":false,"applicationCacheEnabled":false,"browserConnectionEnabled":false,"cssSelectorsEnabled":true,"webStorageEnabled":false,"rotatable":false,"acceptSslCerts":false,"nativeEvents":true,"proxy":{"proxyType":"direct"}}
[INFO  - 2014-09-21T20:19:11.461Z] SessionManagerReqHand - _postNewSessionCommand - New Session Created: 8c83cfe0-41cc-11e4-8cac-ab18302cd998
[ERROR - 2014-09-21T20:19:16.755Z] WebElementLocator - _handleLocateCommand - Element(s) NOT Found: GAVE UP. Search Stop Time: 1411330756720
[ERROR - 2014-09-21T20:19:28.051Z] WebElementLocator - _handleLocateCommand - Element(s) NOT Found: GAVE UP. Search Stop Time: 1411330768020
[INFO  - 2014-09-21T20:19:34.359Z] ShutdownReqHand - _handle - About to shutdown
[INFO  - 2014-09-21T20:19:35.166Z] GhostDriver - Main - running on port 21053
[INFO  - 2014-09-21T20:19:35.487Z] Session [9ad5e380-41cc-11e4-912d-2da152f0265f] - page.settings - {"XSSAuditingEnabled":false,"javascriptCanCloseWindows":true,"javascriptCanOpenWindows":true,"javascriptEnabled":true,"loadImages":true,"localToRemoteUrlAccessEnabled":false,"userAgent":"Mozilla/5.0 (Unknown; Linux x86_64) AppleWebKit/534.34 (KHTML, like Gecko) PhantomJS/1.9.7 Safari/534.34","webSecurityEnabled":true}
[INFO  - 2014-09-21T20:19:35.487Z] Session [9ad5e380-41cc-11e4-912d-2da152f0265f] - page.customHeaders:  - {}
[INFO  - 2014-09-21T20:19:35.487Z] Session [9ad5e380-41cc-11e4-912d-2da152f0265f] - Session.negotiatedCapabilities - {"browserName":"phantomjs","version":"1.9.7","driverName":"ghostdriver","driverVersion":"1.1.0","platform":"linux-unknown-64bit","javascriptEnabled":true,"takesScreenshot":true,"handlesAlerts":false,"databaseEnabled":false,"locationContextEnabled":false,"applicationCacheEnabled":false,"browserConnectionEnabled":false,"cssSelectorsEnabled":true,"webStorageEnabled":false,"rotatable":false,"acceptSslCerts":false,"nativeEvents":true,"proxy":{"proxyType":"direct"}}
[INFO  - 2014-09-21T20:19:35.487Z] SessionManagerReqHand - _postNewSessionCommand - New Session Created: 9ad5e380-41cc-11e4-912d-2da152f0265f
[INFO  - 2014-09-21T20:20:42.744Z] ShutdownReqHand - _handle - About to shutdown
[INFO  - 2014-09-21T20:20:43.692Z] GhostDriver - Main - running on port 19756
[INFO  - 2014-09-21T20:20:43.863Z] Session [c3973d00-41cc-11e4-994a-2d30e6683548] - page.settings - {"XSSAuditingEnabled":false,"javascriptCanCloseWindows":true,"javascriptCanOpenWindows":true,"javascriptEnabled":true,"loadImages":true,"localToRemoteUrlAccessEnabled":false,"userAgent":"Mozilla/5.0 (Unknown; Linux x86_64) AppleWebKit/534.34 (KHTML, like Gecko) PhantomJS/1.9.7 Safari/534.34","webSecurityEnabled":true}
[INFO  - 2014-09-21T20:20:43.864Z] Session [c3973d00-41cc-11e4-994a-2d30e6683548] - page.customHeaders:  - {}
[INFO  - 2014-09-21T20:20:43.864Z] Session [c3973d00-41cc-11e4-994a-2d30e6683548] - Session.negotiatedCapabilities - {"browserName":"phantomjs","version":"1.9.7","driverName":"ghostdriver","driverVersion":"1.1.0","platform":"linux-unknown-64bit","javascriptEnabled":true,"takesScreenshot":true,"handlesAlerts":false,"databaseEnabled":false,"locationContextEnabled":false,"applicationCacheEnabled":false,"browserConnectionEnabled":false,"cssSelectorsEnabled":true,"webStorageEnabled":false,"rotatable":false,"acceptSslCerts":false,"nativeEvents":true,"proxy":{"proxyType":"direct"}}
[INFO  - 2014-09-21T20:20:43.865Z] SessionManagerReqHand - _postNewSessionCommand - New Session Created: c3973d00-41cc-11e4-994a-2d30e6683548
[ERROR - 2014-09-21T20:20:49.325Z] WebElementLocator - _handleLocateCommand - Element(s) NOT Found: GAVE UP. Search Stop Time: 1411330849273
[ERROR - 2014-09-21T20:20:57.378Z] WebElementLocator - _handleLocateCommand - Element(s) NOT Found: GAVE UP. Search Stop Time: 1411330857333
[INFO  - 2014-09-21T20:21:02.487Z] ShutdownReqHand - _handle - About to shutdown
[INFO  - 2014-09-21T20:21:03.284Z] GhostDriver - Main - running on port 2353
[INFO  - 2014-09-21T20:21:03.597Z] Session [cf5ab680-41cc-11e4-a10c-a9b51146332b] - page.settings - {"XSSAuditingEnabled":false,"javascriptCanCloseWindows":true,"javascriptCanOpenWindows":true,"javascriptEnabled":true,"loadImages":true,"localToRemoteUrlAccessEnabled":false,"userAgent":"Mozilla/5.0 (Unknown; Linux x86_64) AppleWebKit/534.34 (KHTML, like Gecko) PhantomJS/1.9.7 Safari/534.34","webSecurityEnabled":true}
[INFO  - 2014-09-21T20:21:03.598Z] Session [cf5ab680-41cc-11e4-a10c-a9b51146332b] - page.customHeaders:  - {}
[INFO  - 2014-09-21T20:21:03.599Z] Session [cf5ab680-41cc-11e4-a10c-a9b51146332b] - Session.negotiatedCapabilities - {"browserName":"phantomjs","version":"1.9.7","driverName":"ghostdriver","driverVersion":"1.1.0","platform":"linux-unknown-64bit","javascriptEnabled":true,"takesScreenshot":true,"handlesAlerts":false,"databaseEnabled":false,"locationContextEnabled":false,"applicationCacheEnabled":false,"browserConnectionEnabled":false,"cssSelectorsEnabled":true,"webStorageEnabled":false,"rotatable":false,"acceptSslCerts":false,"nativeEvents":true,"proxy":{"proxyType":"direct"}}
[INFO  - 2014-09-21T20:21:03.599Z] SessionManagerReqHand - _postNewSessionCommand - New Session Created: cf5ab680-41cc-11e4-a10c-a9b51146332b
[ERROR - 2014-09-21T20:21:07.268Z] WebElementLocator - _handleLocateCommand - Element(s) NOT Found: GAVE UP. Search Stop Time: 1411330867215
[INFO  - 2014-09-21T20:21:12.862Z] ShutdownReqHand - _handle - About to shutdown
[INFO  - 2014-09-21T20:21:13.664Z] GhostDriver - Main - running on port 3102
[INFO  - 2014-09-21T20:21:13.987Z] Session [d58bf2d0-41cc-11e4-ab1a-3d0e60c4341c] - page.settings - {"XSSAuditingEnabled":false,"javascriptCanCloseWindows":true,"javascriptCanOpenWindows":true,"javascriptEnabled":true,"loadImages":true,"localToRemoteUrlAccessEnabled":false,"userAgent":"Mozilla/5.0 (Unknown; Linux x86_64) AppleWebKit/534.34 (KHTML, like Gecko) PhantomJS/1.9.7 Safari/534.34","webSecurityEnabled":true}
[INFO  - 2014-09-21T20:21:13.987Z] Session [d58bf2d0-41cc-11e4-ab1a-3d0e60c4341c] - page.customHeaders:  - {}
[INFO  - 2014-09-21T20:21:13.987Z] Session [d58bf2d0-41cc-11e4-ab1a-3d0e60c4341c] - Session.negotiatedCapabilities - {"browserName":"phantomjs","version":"1.9.7","driverName":"ghostdriver","driverVersion":"1.1.0","platform":"linux-unknown-64bit","javascriptEnabled":true,"takesScreenshot":true,"handlesAlerts":false,"databaseEnabled":false,"locationContextEnabled":false,"applicationCacheEnabled":false,"browserConnectionEnabled":false,"cssSelectorsEnabled":true,"webStorageEnabled":false,"rotatable":false,"acceptSslCerts":false,"nativeEvents":true,"proxy":{"proxyType":"direct"}}
[INFO  - 2014-09-21T20:21:13.987Z] SessionManagerReqHand - _postNewSessionCommand - New Session Created: d58bf2d0-41cc-11e4-ab1a-3d0e60c4341c
[ERROR - 2014-09-21T20:21:19.159Z] WebElementLocator - _handleLocateCommand - Element(s) NOT Found: GAVE UP. Search Stop Time: 1411330879108
[INFO  - 2014-09-21T20:21:24.830Z] ShutdownReqHand - _handle - About to shutdown
[INFO  - 2014-09-21T20:21:25.597Z] GhostDriver - Main - running on port 8655
[INFO  - 2014-09-21T20:21:25.941Z] Session [dcac4a10-41cc-11e4-8d9f-537333da83a6] - page.settings - {"XSSAuditingEnabled":false,"javascriptCanCloseWindows":true,"javascriptCanOpenWindows":true,"javascriptEnabled":true,"loadImages":true,"localToRemoteUrlAccessEnabled":false,"userAgent":"Mozilla/5.0 (Unknown; Linux x86_64) AppleWebKit/534.34 (KHTML, like Gecko) PhantomJS/1.9.7 Safari/534.34","webSecurityEnabled":true}
[INFO  - 2014-09-21T20:21:25.941Z] Session [dcac4a10-41cc-11e4-8d9f-537333da83a6] - page.customHeaders:  - {}
[INFO  - 2014-09-21T20:21:25.941Z] Session [dcac4a10-41cc-11e4-8d9f-537333da83a6] - Session.negotiatedCapabilities - {"browserName":"phantomjs","version":"1.9.7","driverName":"ghostdriver","driverVersion":"1.1.0","platform":"linux-unknown-64bit","javascriptEnabled":true,"takesScreenshot":true,"handlesAlerts":false,"databaseEnabled":false,"locationContextEnabled":false,"applicationCacheEnabled":false,"browserConnectionEnabled":false,"cssSelectorsEnabled":true,"webStorageEnabled":false,"rotatable":false,"acceptSslCerts":false,"nativeEvents":true,"proxy":{"proxyType":"direct"}}
[INFO  - 2014-09-21T20:21:25.941Z] SessionManagerReqHand - _postNewSessionCommand - New Session Created: dcac4a10-41cc-11e4-8d9f-537333da83a6
[ERROR - 2014-09-21T20:21:31.145Z] WebElementLocator - _handleLocateCommand - Element(s) NOT Found: GAVE UP. Search Stop Time: 1411330891143
[ERROR - 2014-09-21T20:21:40.097Z] WebElementLocator - _handleLocateCommand - Element(s) NOT Found: GAVE UP. Search Stop Time: 1411330900088
[ERROR - 2014-09-21T20:21:52.541Z] WebElementLocator - _handleLocateCommand - Element(s) NOT Found: GAVE UP. Search Stop Time: 1411330912506
[INFO  - 2014-09-21T20:21:59.677Z] ShutdownReqHand - _handle - About to shutdown
[INFO  - 2014-09-21T20:22:00.542Z] GhostDriver - Main - running on port 31983
[INFO  - 2014-09-21T20:22:00.801Z] Session [f17380d0-41cc-11e4-83c2-23f4e52e09ae] - page.settings - {"XSSAuditingEnabled":false,"javascriptCanCloseWindows":true,"javascriptCanOpenWindows":true,"javascriptEnabled":true,"loadImages":true,"localToRemoteUrlAccessEnabled":false,"userAgent":"Mozilla/5.0 (Unknown; Linux x86_64) AppleWebKit/534.34 (KHTML, like Gecko) PhantomJS/1.9.7 Safari/534.34","webSecurityEnabled":true}
[INFO  - 2014-09-21T20:22:00.809Z] Session [f17380d0-41cc-11e4-83c2-23f4e52e09ae] - page.customHeaders:  - {}
[INFO  - 2014-09-21T20:22:00.809Z] Session [f17380d0-41cc-11e4-83c2-23f4e52e09ae] - Session.negotiatedCapabilities - {"browserName":"phantomjs","version":"1.9.7","driverName":"ghostdriver","driverVersion":"1.1.0","platform":"linux-unknown-64bit","javascriptEnabled":true,"takesScreenshot":true,"handlesAlerts":false,"databaseEnabled":false,"locationContextEnabled":false,"applicationCacheEnabled":false,"browserConnectionEnabled":false,"cssSelectorsEnabled":true,"webStorageEnabled":false,"rotatable":false,"acceptSslCerts":false,"nativeEvents":true,"proxy":{"proxyType":"direct"}}
[INFO  - 2014-09-21T20:22:00.809Z] SessionManagerReqHand - _postNewSessionCommand - New Session Created: f17380d0-41cc-11e4-83c2-23f4e52e09ae
[ERROR - 2014-09-21T20:22:04.505Z] WebElementLocator - _handleLocateCommand - Element(s) NOT Found: GAVE UP. Search Stop Time: 1411330924451
[ERROR - 2014-09-21T20:22:14.316Z] WebElementLocator - _handleLocateCommand - Element(s) NOT Found: GAVE UP. Search Stop Time: 1411330934315
[INFO  - 2014-09-21T20:22:20.511Z] ShutdownReqHand - _handle - About to shutdown
[INFO  - 2014-09-28T21:14:50.666Z] GhostDriver - Main - running on port 3832
[INFO  - 2014-09-28T21:14:51.193Z] Session [7c0b2e50-4754-11e4-8b5d-f7dca4635aca] - page.settings - {"XSSAuditingEnabled":false,"javascriptCanCloseWindows":true,"javascriptCanOpenWindows":true,"javascriptEnabled":true,"loadImages":true,"localToRemoteUrlAccessEnabled":false,"userAgent":"Mozilla/5.0 (Unknown; Linux x86_64) AppleWebKit/534.34 (KHTML, like Gecko) PhantomJS/1.9.7 Safari/534.34","webSecurityEnabled":true}
[INFO  - 2014-09-28T21:14:51.193Z] Session [7c0b2e50-4754-11e4-8b5d-f7dca4635aca] - page.customHeaders:  - {}
[INFO  - 2014-09-28T21:14:51.194Z] Session [7c0b2e50-4754-11e4-8b5d-f7dca4635aca] - Session.negotiatedCapabilities - {"browserName":"phantomjs","version":"1.9.7","driverName":"ghostdriver","driverVersion":"1.1.0","platform":"linux-unknown-64bit","javascriptEnabled":true,"takesScreenshot":true,"handlesAlerts":false,"databaseEnabled":false,"locationContextEnabled":false,"applicationCacheEnabled":false,"browserConnectionEnabled":false,"cssSelectorsEnabled":true,"webStorageEnabled":false,"rotatable":false,"acceptSslCerts":false,"nativeEvents":true,"proxy":{"proxyType":"direct"}}
[INFO  - 2014-09-28T21:14:51.194Z] SessionManagerReqHand - _postNewSessionCommand - New Session Created: 7c0b2e50-4754-11e4-8b5d-f7dca4635aca
[ERROR - 2014-09-28T21:14:57.977Z] WebElementLocator - _handleLocateCommand - Element(s) NOT Found: GAVE UP. Search Stop Time: 1411938897967
[ERROR - 2014-09-28T21:15:08.290Z] WebElementLocator - _handleLocateCommand - Element(s) NOT Found: GAVE UP. Search Stop Time: 1411938908272
[ERROR - 2014-09-28T21:15:17.285Z] WebElementLocator - _handleLocateCommand - Element(s) NOT Found: GAVE UP. Search Stop Time: 1411938917283
[ERROR - 2014-09-28T21:15:23.355Z] WebElementLocator - _handleLocateCommand - Element(s) NOT Found: GAVE UP. Search Stop Time: 1411938923336
[ERROR - 2014-09-28T21:15:33.161Z] WebElementLocator - _handleLocateCommand - Element(s) NOT Found: GAVE UP. Search Stop Time: 1411938933141
[ERROR - 2014-09-28T21:15:40.854Z] WebElementLocator - _handleLocateCommand - Element(s) NOT Found: GAVE UP. Search Stop Time: 1411938940807
[ERROR - 2014-09-28T21:15:50.419Z] WebElementLocator - _handleLocateCommand - Element(s) NOT Found: GAVE UP. Search Stop Time: 1411938950359
[ERROR - 2014-09-28T21:15:55.710Z] WebElementLocator - _handleLocateCommand - Element(s) NOT Found: GAVE UP. Search Stop Time: 1411938955695
[ERROR - 2014-09-28T21:16:00.978Z] WebElementLocator - _handleLocateCommand - Element(s) NOT Found: GAVE UP. Search Stop Time: 1411938960919
[ERROR - 2014-09-28T21:16:08.818Z] WebElementLocator - _handleLocateCommand - Element(s) NOT Found: GAVE UP. Search Stop Time: 1411938968780
[ERROR - 2014-09-28T21:16:15.156Z] WebElementLocator - _handleLocateCommand - Element(s) NOT Found: GAVE UP. Search Stop Time: 1411938975152
[ERROR - 2014-09-28T21:16:23.507Z] WebElementLocator - _handleLocateCommand - Element(s) NOT Found: GAVE UP. Search Stop Time: 1411938983483
[ERROR - 2014-09-28T21:16:29.888Z] WebElementLocator - _handleLocateCommand - Element(s) NOT Found: GAVE UP. Search Stop Time: 1411938989858
[INFO  - 2014-09-28T21:16:32.264Z] ShutdownReqHand - _handle - About to shutdown
[INFO  - 2014-09-28T21:16:33.237Z] GhostDriver - Main - running on port 28566
[INFO  - 2014-09-28T21:16:33.378Z] Session [b8f35fe0-4754-11e4-92d5-d7edb8edf17f] - page.settings - {"XSSAuditingEnabled":false,"javascriptCanCloseWindows":true,"javascriptCanOpenWindows":true,"javascriptEnabled":true,"loadImages":true,"localToRemoteUrlAccessEnabled":false,"userAgent":"Mozilla/5.0 (Unknown; Linux x86_64) AppleWebKit/534.34 (KHTML, like Gecko) PhantomJS/1.9.7 Safari/534.34","webSecurityEnabled":true}
[INFO  - 2014-09-28T21:16:33.378Z] Session [b8f35fe0-4754-11e4-92d5-d7edb8edf17f] - page.customHeaders:  - {}
[INFO  - 2014-09-28T21:16:33.378Z] Session [b8f35fe0-4754-11e4-92d5-d7edb8edf17f] - Session.negotiatedCapabilities - {"browserName":"phantomjs","version":"1.9.7","driverName":"ghostdriver","driverVersion":"1.1.0","platform":"linux-unknown-64bit","javascriptEnabled":true,"takesScreenshot":true,"handlesAlerts":false,"databaseEnabled":false,"locationContextEnabled":false,"applicationCacheEnabled":false,"browserConnectionEnabled":false,"cssSelectorsEnabled":true,"webStorageEnabled":false,"rotatable":false,"acceptSslCerts":false,"nativeEvents":true,"proxy":{"proxyType":"direct"}}
[INFO  - 2014-09-28T21:16:33.379Z] SessionManagerReqHand - _postNewSessionCommand - New Session Created: b8f35fe0-4754-11e4-92d5-d7edb8edf17f
[INFO  - 2014-09-28T21:16:38.537Z] ShutdownReqHand - _handle - About to shutdown
[INFO  - 2014-09-28T21:16:39.379Z] GhostDriver - Main - running on port 12407
[INFO  - 2014-09-28T21:16:39.646Z] Session [bcafa490-4754-11e4-9c6e-83228ed32d3c] - page.settings - {"XSSAuditingEnabled":false,"javascriptCanCloseWindows":true,"javascriptCanOpenWindows":true,"javascriptEnabled":true,"loadImages":true,"localToRemoteUrlAccessEnabled":false,"userAgent":"Mozilla/5.0 (Unknown; Linux x86_64) AppleWebKit/534.34 (KHTML, like Gecko) PhantomJS/1.9.7 Safari/534.34","webSecurityEnabled":true}
[INFO  - 2014-09-28T21:16:39.646Z] Session [bcafa490-4754-11e4-9c6e-83228ed32d3c] - page.customHeaders:  - {}
[INFO  - 2014-09-28T21:16:39.646Z] Session [bcafa490-4754-11e4-9c6e-83228ed32d3c] - Session.negotiatedCapabilities - {"browserName":"phantomjs","version":"1.9.7","driverName":"ghostdriver","driverVersion":"1.1.0","platform":"linux-unknown-64bit","javascriptEnabled":true,"takesScreenshot":true,"handlesAlerts":false,"databaseEnabled":false,"locationContextEnabled":false,"applicationCacheEnabled":false,"browserConnectionEnabled":false,"cssSelectorsEnabled":true,"webStorageEnabled":false,"rotatable":false,"acceptSslCerts":false,"nativeEvents":true,"proxy":{"proxyType":"direct"}}
[INFO  - 2014-09-28T21:16:39.646Z] SessionManagerReqHand - _postNewSessionCommand - New Session Created: bcafa490-4754-11e4-9c6e-83228ed32d3c
[ERROR - 2014-09-28T21:16:44.935Z] WebElementLocator - _handleLocateCommand - Element(s) NOT Found: GAVE UP. Search Stop Time: 1411939004912
[ERROR - 2014-09-28T21:16:55.273Z] WebElementLocator - _handleLocateCommand - Element(s) NOT Found: GAVE UP. Search Stop Time: 1411939015272
[INFO  - 2014-09-28T21:17:00.560Z] ShutdownReqHand - _handle - About to shutdown
[INFO  - 2014-09-28T21:17:01.332Z] GhostDriver - Main - running on port 21342
[INFO  - 2014-09-28T21:17:01.682Z] Session [c9d17590-4754-11e4-9fd2-97f1ebc20c3e] - page.settings - {"XSSAuditingEnabled":false,"javascriptCanCloseWindows":true,"javascriptCanOpenWindows":true,"javascriptEnabled":true,"loadImages":true,"localToRemoteUrlAccessEnabled":false,"userAgent":"Mozilla/5.0 (Unknown; Linux x86_64) AppleWebKit/534.34 (KHTML, like Gecko) PhantomJS/1.9.7 Safari/534.34","webSecurityEnabled":true}
[INFO  - 2014-09-28T21:17:01.682Z] Session [c9d17590-4754-11e4-9fd2-97f1ebc20c3e] - page.customHeaders:  - {}
[INFO  - 2014-09-28T21:17:01.682Z] Session [c9d17590-4754-11e4-9fd2-97f1ebc20c3e] - Session.negotiatedCapabilities - {"browserName":"phantomjs","version":"1.9.7","driverName":"ghostdriver","driverVersion":"1.1.0","platform":"linux-unknown-64bit","javascriptEnabled":true,"takesScreenshot":true,"handlesAlerts":false,"databaseEnabled":false,"locationContextEnabled":false,"applicationCacheEnabled":false,"browserConnectionEnabled":false,"cssSelectorsEnabled":true,"webStorageEnabled":false,"rotatable":false,"acceptSslCerts":false,"nativeEvents":true,"proxy":{"proxyType":"direct"}}
[INFO  - 2014-09-28T21:17:01.683Z] SessionManagerReqHand - _postNewSessionCommand - New Session Created: c9d17590-4754-11e4-9fd2-97f1ebc20c3e
[INFO  - 2014-09-28T21:17:48.655Z] ShutdownReqHand - _handle - About to shutdown
[INFO  - 2014-09-28T21:17:49.456Z] GhostDriver - Main - running on port 4749
[INFO  - 2014-09-28T21:17:49.777Z] Session [e67c2c80-4754-11e4-8133-37b9d783b6d4] - page.settings - {"XSSAuditingEnabled":false,"javascriptCanCloseWindows":true,"javascriptCanOpenWindows":true,"javascriptEnabled":true,"loadImages":true,"localToRemoteUrlAccessEnabled":false,"userAgent":"Mozilla/5.0 (Unknown; Linux x86_64) AppleWebKit/534.34 (KHTML, like Gecko) PhantomJS/1.9.7 Safari/534.34","webSecurityEnabled":true}
[INFO  - 2014-09-28T21:17:49.777Z] Session [e67c2c80-4754-11e4-8133-37b9d783b6d4] - page.customHeaders:  - {}
[INFO  - 2014-09-28T21:17:49.778Z] Session [e67c2c80-4754-11e4-8133-37b9d783b6d4] - Session.negotiatedCapabilities - {"browserName":"phantomjs","version":"1.9.7","driverName":"ghostdriver","driverVersion":"1.1.0","platform":"linux-unknown-64bit","javascriptEnabled":true,"takesScreenshot":true,"handlesAlerts":false,"databaseEnabled":false,"locationContextEnabled":false,"applicationCacheEnabled":false,"browserConnectionEnabled":false,"cssSelectorsEnabled":true,"webStorageEnabled":false,"rotatable":false,"acceptSslCerts":false,"nativeEvents":true,"proxy":{"proxyType":"direct"}}
[INFO  - 2014-09-28T21:17:49.778Z] SessionManagerReqHand - _postNewSessionCommand - New Session Created: e67c2c80-4754-11e4-8133-37b9d783b6d4
[ERROR - 2014-09-28T21:17:54.931Z] WebElementLocator - _handleLocateCommand - Element(s) NOT Found: GAVE UP. Search Stop Time: 1411939074922
[ERROR - 2014-09-28T21:18:02.835Z] WebElementLocator - _handleLocateCommand - Element(s) NOT Found: GAVE UP. Search Stop Time: 1411939082806
[INFO  - 2014-09-28T21:18:07.057Z] ShutdownReqHand - _handle - About to shutdown
[INFO  - 2014-09-28T21:18:07.830Z] GhostDriver - Main - running on port 2691
[INFO  - 2014-09-28T21:18:08.169Z] Session [f1735550-4754-11e4-ab74-67e4cbfee087] - page.settings - {"XSSAuditingEnabled":false,"javascriptCanCloseWindows":true,"javascriptCanOpenWindows":true,"javascriptEnabled":true,"loadImages":true,"localToRemoteUrlAccessEnabled":false,"userAgent":"Mozilla/5.0 (Unknown; Linux x86_64) AppleWebKit/534.34 (KHTML, like Gecko) PhantomJS/1.9.7 Safari/534.34","webSecurityEnabled":true}
[INFO  - 2014-09-28T21:18:08.169Z] Session [f1735550-4754-11e4-ab74-67e4cbfee087] - page.customHeaders:  - {}
[INFO  - 2014-09-28T21:18:08.170Z] Session [f1735550-4754-11e4-ab74-67e4cbfee087] - Session.negotiatedCapabilities - {"browserName":"phantomjs","version":"1.9.7","driverName":"ghostdriver","driverVersion":"1.1.0","platform":"linux-unknown-64bit","javascriptEnabled":true,"takesScreenshot":true,"handlesAlerts":false,"databaseEnabled":false,"locationContextEnabled":false,"applicationCacheEnabled":false,"browserConnectionEnabled":false,"cssSelectorsEnabled":true,"webStorageEnabled":false,"rotatable":false,"acceptSslCerts":false,"nativeEvents":true,"proxy":{"proxyType":"direct"}}
[INFO  - 2014-09-28T21:18:08.170Z] SessionManagerReqHand - _postNewSessionCommand - New Session Created: f1735550-4754-11e4-ab74-67e4cbfee087
[ERROR - 2014-09-28T21:18:14.695Z] WebElementLocator - _handleLocateCommand - Element(s) NOT Found: GAVE UP. Search Stop Time: 1411939094644
[INFO  - 2014-09-28T21:18:20.425Z] ShutdownReqHand - _handle - About to shutdown
[INFO  - 2014-09-28T21:18:21.268Z] GhostDriver - Main - running on port 8060
[INFO  - 2014-09-28T21:18:21.542Z] Session [f96af9c0-4754-11e4-92ca-d3e8029413dd] - page.settings - {"XSSAuditingEnabled":false,"javascriptCanCloseWindows":true,"javascriptCanOpenWindows":true,"javascriptEnabled":true,"loadImages":true,"localToRemoteUrlAccessEnabled":false,"userAgent":"Mozilla/5.0 (Unknown; Linux x86_64) AppleWebKit/534.34 (KHTML, like Gecko) PhantomJS/1.9.7 Safari/534.34","webSecurityEnabled":true}
[INFO  - 2014-09-28T21:18:21.542Z] Session [f96af9c0-4754-11e4-92ca-d3e8029413dd] - page.customHeaders:  - {}
[INFO  - 2014-09-28T21:18:21.542Z] Session [f96af9c0-4754-11e4-92ca-d3e8029413dd] - Session.negotiatedCapabilities - {"browserName":"phantomjs","version":"1.9.7","driverName":"ghostdriver","driverVersion":"1.1.0","platform":"linux-unknown-64bit","javascriptEnabled":true,"takesScreenshot":true,"handlesAlerts":false,"databaseEnabled":false,"locationContextEnabled":false,"applicationCacheEnabled":false,"browserConnectionEnabled":false,"cssSelectorsEnabled":true,"webStorageEnabled":false,"rotatable":false,"acceptSslCerts":false,"nativeEvents":true,"proxy":{"proxyType":"direct"}}
[INFO  - 2014-09-28T21:18:21.542Z] SessionManagerReqHand - _postNewSessionCommand - New Session Created: f96af9c0-4754-11e4-92ca-d3e8029413dd
[ERROR - 2014-09-28T21:18:27.071Z] WebElementLocator - _handleLocateCommand - Element(s) NOT Found: GAVE UP. Search Stop Time: 1411939107046
[INFO  - 2014-09-28T21:18:33.301Z] ShutdownReqHand - _handle - About to shutdown
[INFO  - 2014-09-28T21:18:34.151Z] GhostDriver - Main - running on port 26520
[INFO  - 2014-09-28T21:18:34.408Z] Session [0116c820-4755-11e4-a69e-dbf733434648] - page.settings - {"XSSAuditingEnabled":false,"javascriptCanCloseWindows":true,"javascriptCanOpenWindows":true,"javascriptEnabled":true,"loadImages":true,"localToRemoteUrlAccessEnabled":false,"userAgent":"Mozilla/5.0 (Unknown; Linux x86_64) AppleWebKit/534.34 (KHTML, like Gecko) PhantomJS/1.9.7 Safari/534.34","webSecurityEnabled":true}
[INFO  - 2014-09-28T21:18:34.408Z] Session [0116c820-4755-11e4-a69e-dbf733434648] - page.customHeaders:  - {}
[INFO  - 2014-09-28T21:18:34.409Z] Session [0116c820-4755-11e4-a69e-dbf733434648] - Session.negotiatedCapabilities - {"browserName":"phantomjs","version":"1.9.7","driverName":"ghostdriver","driverVersion":"1.1.0","platform":"linux-unknown-64bit","javascriptEnabled":true,"takesScreenshot":true,"handlesAlerts":false,"databaseEnabled":false,"locationContextEnabled":false,"applicationCacheEnabled":false,"browserConnectionEnabled":false,"cssSelectorsEnabled":true,"webStorageEnabled":false,"rotatable":false,"acceptSslCerts":false,"nativeEvents":true,"proxy":{"proxyType":"direct"}}
[INFO  - 2014-09-28T21:18:34.409Z] SessionManagerReqHand - _postNewSessionCommand - New Session Created: 0116c820-4755-11e4-a69e-dbf733434648
[ERROR - 2014-09-28T21:18:39.649Z] WebElementLocator - _handleLocateCommand - Element(s) NOT Found: GAVE UP. Search Stop Time: 1411939119586
[ERROR - 2014-09-28T21:18:48.293Z] WebElementLocator - _handleLocateCommand - Element(s) NOT Found: GAVE UP. Search Stop Time: 1411939128278
[ERROR - 2014-09-28T21:18:59.588Z] WebElementLocator - _handleLocateCommand - Element(s) NOT Found: GAVE UP. Search Stop Time: 1411939139587
[INFO  - 2014-09-28T21:19:05.468Z] ShutdownReqHand - _handle - About to shutdown
[INFO  - 2014-09-28T21:19:06.315Z] GhostDriver - Main - running on port 26574
[INFO  - 2014-09-28T21:19:06.579Z] Session [1443afd0-4755-11e4-ae9a-d1c80ceb77b1] - page.settings - {"XSSAuditingEnabled":false,"javascriptCanCloseWindows":true,"javascriptCanOpenWindows":true,"javascriptEnabled":true,"loadImages":true,"localToRemoteUrlAccessEnabled":false,"userAgent":"Mozilla/5.0 (Unknown; Linux x86_64) AppleWebKit/534.34 (KHTML, like Gecko) PhantomJS/1.9.7 Safari/534.34","webSecurityEnabled":true}
[INFO  - 2014-09-28T21:19:06.579Z] Session [1443afd0-4755-11e4-ae9a-d1c80ceb77b1] - page.customHeaders:  - {}
[INFO  - 2014-09-28T21:19:06.579Z] Session [1443afd0-4755-11e4-ae9a-d1c80ceb77b1] - Session.negotiatedCapabilities - {"browserName":"phantomjs","version":"1.9.7","driverName":"ghostdriver","driverVersion":"1.1.0","platform":"linux-unknown-64bit","javascriptEnabled":true,"takesScreenshot":true,"handlesAlerts":false,"databaseEnabled":false,"locationContextEnabled":false,"applicationCacheEnabled":false,"browserConnectionEnabled":false,"cssSelectorsEnabled":true,"webStorageEnabled":false,"rotatable":false,"acceptSslCerts":false,"nativeEvents":true,"proxy":{"proxyType":"direct"}}
[INFO  - 2014-09-28T21:19:06.579Z] SessionManagerReqHand - _postNewSessionCommand - New Session Created: 1443afd0-4755-11e4-ae9a-d1c80ceb77b1
[ERROR - 2014-09-28T21:19:11.772Z] WebElementLocator - _handleLocateCommand - Element(s) NOT Found: GAVE UP. Search Stop Time: 1411939151759
[ERROR - 2014-09-28T21:19:22.867Z] WebElementLocator - _handleLocateCommand - Element(s) NOT Found: GAVE UP. Search Stop Time: 1411939162808
[INFO  - 2014-09-28T21:19:37.268Z] ShutdownReqHand - _handle - About to shutdown
[INFO  - 2014-09-28T21:22:45.556Z] GhostDriver - Main - running on port 24631
[INFO  - 2014-09-28T21:22:45.995Z] Session [970c3770-4755-11e4-af64-97060c6202bb] - page.settings - {"XSSAuditingEnabled":false,"javascriptCanCloseWindows":true,"javascriptCanOpenWindows":true,"javascriptEnabled":true,"loadImages":true,"localToRemoteUrlAccessEnabled":false,"userAgent":"Mozilla/5.0 (Unknown; Linux x86_64) AppleWebKit/534.34 (KHTML, like Gecko) PhantomJS/1.9.7 Safari/534.34","webSecurityEnabled":true}
[INFO  - 2014-09-28T21:22:45.995Z] Session [970c3770-4755-11e4-af64-97060c6202bb] - page.customHeaders:  - {}
[INFO  - 2014-09-28T21:22:45.996Z] Session [970c3770-4755-11e4-af64-97060c6202bb] - Session.negotiatedCapabilities - {"browserName":"phantomjs","version":"1.9.7","driverName":"ghostdriver","driverVersion":"1.1.0","platform":"linux-unknown-64bit","javascriptEnabled":true,"takesScreenshot":true,"handlesAlerts":false,"databaseEnabled":false,"locationContextEnabled":false,"applicationCacheEnabled":false,"browserConnectionEnabled":false,"cssSelectorsEnabled":true,"webStorageEnabled":false,"rotatable":false,"acceptSslCerts":false,"nativeEvents":true,"proxy":{"proxyType":"direct"}}
[INFO  - 2014-09-28T21:22:45.997Z] SessionManagerReqHand - _postNewSessionCommand - New Session Created: 970c3770-4755-11e4-af64-97060c6202bb
[ERROR - 2014-09-28T21:22:51.787Z] WebElementLocator - _handleLocateCommand - Element(s) NOT Found: GAVE UP. Search Stop Time: 1411939371759
[ERROR - 2014-09-28T21:23:02.237Z] WebElementLocator - _handleLocateCommand - Element(s) NOT Found: GAVE UP. Search Stop Time: 1411939382221
[ERROR - 2014-09-28T21:23:13.373Z] WebElementLocator - _handleLocateCommand - Element(s) NOT Found: GAVE UP. Search Stop Time: 1411939393365
[INFO  - 2014-09-28T21:23:19.170Z] ShutdownReqHand - _handle - About to shutdown
[INFO  - 2014-09-28T21:24:59.347Z] GhostDriver - Main - running on port 28991
[INFO  - 2014-09-28T21:24:59.786Z] Session [e6cb1a60-4755-11e4-9b00-65e3921aa83a] - page.settings - {"XSSAuditingEnabled":false,"javascriptCanCloseWindows":true,"javascriptCanOpenWindows":true,"javascriptEnabled":true,"loadImages":true,"localToRemoteUrlAccessEnabled":false,"userAgent":"Mozilla/5.0 (Unknown; Linux x86_64) AppleWebKit/534.34 (KHTML, like Gecko) PhantomJS/1.9.7 Safari/534.34","webSecurityEnabled":true}
[INFO  - 2014-09-28T21:24:59.786Z] Session [e6cb1a60-4755-11e4-9b00-65e3921aa83a] - page.customHeaders:  - {}
[INFO  - 2014-09-28T21:24:59.786Z] Session [e6cb1a60-4755-11e4-9b00-65e3921aa83a] - Session.negotiatedCapabilities - {"browserName":"phantomjs","version":"1.9.7","driverName":"ghostdriver","driverVersion":"1.1.0","platform":"linux-unknown-64bit","javascriptEnabled":true,"takesScreenshot":true,"handlesAlerts":false,"databaseEnabled":false,"locationContextEnabled":false,"applicationCacheEnabled":false,"browserConnectionEnabled":false,"cssSelectorsEnabled":true,"webStorageEnabled":false,"rotatable":false,"acceptSslCerts":false,"nativeEvents":true,"proxy":{"proxyType":"direct"}}
[INFO  - 2014-09-28T21:24:59.787Z] SessionManagerReqHand - _postNewSessionCommand - New Session Created: e6cb1a60-4755-11e4-9b00-65e3921aa83a
[ERROR - 2014-09-28T21:25:04.088Z] WebElementLocator - _handleLocateCommand - Element(s) NOT Found: GAVE UP. Search Stop Time: 1411939504077
[ERROR - 2014-09-28T21:25:14.949Z] WebElementLocator - _handleLocateCommand - Element(s) NOT Found: GAVE UP. Search Stop Time: 1411939514912
[ERROR - 2014-09-28T21:25:26.094Z] WebElementLocator - _handleLocateCommand - Element(s) NOT Found: GAVE UP. Search Stop Time: 1411939526062
[INFO  - 2014-09-28T21:25:32.332Z] ShutdownReqHand - _handle - About to shutdown
[INFO  - 2014-09-28T21:25:55.951Z] GhostDriver - Main - running on port 8668
[INFO  - 2014-09-28T21:25:56.391Z] Session [08883020-4756-11e4-88e9-cff08551c0ea] - page.settings - {"XSSAuditingEnabled":false,"javascriptCanCloseWindows":true,"javascriptCanOpenWindows":true,"javascriptEnabled":true,"loadImages":true,"localToRemoteUrlAccessEnabled":false,"userAgent":"Mozilla/5.0 (Unknown; Linux x86_64) AppleWebKit/534.34 (KHTML, like Gecko) PhantomJS/1.9.7 Safari/534.34","webSecurityEnabled":true}
[INFO  - 2014-09-28T21:25:56.391Z] Session [08883020-4756-11e4-88e9-cff08551c0ea] - page.customHeaders:  - {}
[INFO  - 2014-09-28T21:25:56.391Z] Session [08883020-4756-11e4-88e9-cff08551c0ea] - Session.negotiatedCapabilities - {"browserName":"phantomjs","version":"1.9.7","driverName":"ghostdriver","driverVersion":"1.1.0","platform":"linux-unknown-64bit","javascriptEnabled":true,"takesScreenshot":true,"handlesAlerts":false,"databaseEnabled":false,"locationContextEnabled":false,"applicationCacheEnabled":false,"browserConnectionEnabled":false,"cssSelectorsEnabled":true,"webStorageEnabled":false,"rotatable":false,"acceptSslCerts":false,"nativeEvents":true,"proxy":{"proxyType":"direct"}}
[INFO  - 2014-09-28T21:25:56.391Z] SessionManagerReqHand - _postNewSessionCommand - New Session Created: 08883020-4756-11e4-88e9-cff08551c0ea
[ERROR - 2014-09-28T21:26:01.952Z] WebElementLocator - _handleLocateCommand - Element(s) NOT Found: GAVE UP. Search Stop Time: 1411939561940
[ERROR - 2014-09-28T21:26:11.324Z] WebElementLocator - _handleLocateCommand - Element(s) NOT Found: GAVE UP. Search Stop Time: 1411939571280
[ERROR - 2014-09-28T21:26:20.916Z] WebElementLocator - _handleLocateCommand - Element(s) NOT Found: GAVE UP. Search Stop Time: 1411939580858
[INFO  - 2014-09-28T21:26:28.626Z] ShutdownReqHand - _handle - About to shutdown
